{
  "RSpec": {
    "coverage": {
      "/home/user/dev/workspace/helabs/dashboard/lib/debug_helper.rb": [
        null,
        1,
        null,
        null,
        1,
        1,
        null,
        1,
        1,
        1,
        1,
        1,
        1,
        null,
        null
      ],
      "/home/user/dev/workspace/helabs/dashboard/app/controllers/application_controller.rb": [
        1,
        1,
        null
      ],
      "/home/user/dev/workspace/helabs/dashboard/app/helpers/application_helper.rb": [
        1,
        null
      ],
      "/home/user/dev/workspace/helabs/dashboard/app/models/admin_user.rb": [
        1,
        1,
        1,
        null,
        null,
        1,
        null,
        null,
        1,
        1,
        null,
        null,
        null,
        null,
        null,
        null
      ],
      "/home/user/dev/workspace/helabs/dashboard/app/models/project.rb": [
        1,
        1,
        1,
        1,
        1,
        1,
        null,
        1,
        null,
        1,
        null,
        1,
        null,
        1,
        null,
        31,
        31,
        31,
        null,
        null
      ],
      "/home/user/dev/workspace/helabs/dashboard/app/controllers/commits_controller.rb": [
        1,
        null,
        1,
        5,
        5,
        10,
        10,
        null,
        null,
        null,
        1,
        1,
        8,
        8,
        8,
        null,
        null,
        1,
        2,
        2,
        null,
        null,
        1,
        10,
        10,
        10,
        10,
        10,
        10,
        null,
        null,
        1,
        10,
        null,
        null,
        1,
        10,
        10,
        10,
        null,
        null,
        null
      ],
      "/home/user/dev/workspace/helabs/dashboard/app/models/commit.rb": [
        1,
        1,
        1,
        1,
        null,
        1,
        2,
        null,
        null
      ],
      "/home/user/dev/workspace/helabs/dashboard/app/controllers/deploys_controller.rb": [
        1,
        null,
        1,
        2,
        2,
        2,
        2,
        2,
        2,
        null,
        null,
        1,
        1,
        2,
        null,
        null
      ],
      "/home/user/dev/workspace/helabs/dashboard/app/models/deploy.rb": [
        1,
        1,
        1,
        1,
        null
      ],
      "/home/user/dev/workspace/helabs/dashboard/app/controllers/projects_controller.rb": [
        1,
        1,
        null,
        1,
        4,
        4,
        4,
        4,
        null,
        null,
        1,
        null,
        null,
        null,
        1,
        1,
        4,
        4,
        4,
        null,
        null,
        1,
        4,
        4,
        4,
        4,
        null,
        null,
        null,
        1,
        4,
        4,
        4,
        4,
        4,
        null,
        null,
        null,
        1,
        4,
        4,
        4,
        4,
        4,
        null,
        null,
        null,
        null
      ],
      "/home/user/dev/workspace/helabs/dashboard/app/controllers/scores_controller.rb": [
        1,
        1,
        null,
        1,
        3,
        null,
        null,
        null,
        null,
        1,
        1,
        2,
        2,
        null,
        null,
        null,
        1,
        1,
        null,
        null,
        1,
        3,
        3,
        3,
        null,
        null,
        1,
        3,
        null,
        null,
        1,
        3,
        3,
        3,
        null,
        null,
        null
      ],
      "/home/user/dev/workspace/helabs/dashboard/app/models/score.rb": [
        1,
        1,
        1,
        null,
        1,
        null,
        1,
        19,
        null,
        null,
        1,
        19,
        null,
        null,
        1,
        1,
        15,
        15,
        15,
        null,
        null,
        1,
        15,
        null,
        null,
        null
      ]
    },
    "timestamp": 1355515087
  }
}
